2025-06-21 14:53:40,325 - GachaFood - INFO - Loading and preprocessing data...
2025-06-21 14:53:40,333 - GachaFood - ERROR - Error initializing application components: 'RestaurantDataLoader' object has no attribute 'preprocess_data'
2025-06-21 14:54:59,997 - GachaFood - INFO - Loading and preprocessing data...
2025-06-21 14:55:00,047 - GachaFood - INFO - Performing clustering...
2025-06-21 14:55:02,405 - GachaFood - INFO - Initializing recommendation engine...
2025-06-21 14:55:02,406 - GachaFood - INFO - Application components initialized successfully
2025-06-21 14:55:02,425 - GachaFood - INFO - Starting GachaFood application...
2025-06-21 14:55:06,970 - GachaFood - INFO - Loading and preprocessing data...
2025-06-21 14:55:07,000 - GachaFood - INFO - Performing clustering...
2025-06-21 14:55:09,207 - GachaFood - INFO - Initializing recommendation engine...
2025-06-21 14:55:09,208 - GachaFood - INFO - Application components initialized successfully
2025-06-21 14:55:09,222 - GachaFood - INFO - Starting GachaFood application...
2025-06-21 15:00:31,566 - GachaFood - INFO - Loading and preprocessing data...
2025-06-21 15:00:31,688 - GachaFood - INFO - Performing clustering...
2025-06-21 15:00:34,129 - GachaFood - INFO - Initializing recommendation engine...
2025-06-21 15:00:34,132 - GachaFood - INFO - Application components initialized successfully
2025-06-21 15:00:34,149 - GachaFood - INFO - Starting GachaFood application...
2025-06-21 15:01:10,902 - GachaFood - INFO - Loading and preprocessing data...
2025-06-21 15:01:10,979 - GachaFood - INFO - Performing clustering...
2025-06-21 15:01:13,188 - GachaFood - INFO - Initializing recommendation engine...
2025-06-21 15:01:13,196 - GachaFood - INFO - Application components initialized successfully
2025-06-21 15:01:13,228 - GachaFood - INFO - Starting GachaFood application...
2025-06-21 15:01:34,572 - GachaFood - INFO - Loading and preprocessing data...
2025-06-21 15:01:41,738 - GachaFood - INFO - Performing clustering...
2025-06-21 15:01:44,434 - GachaFood - INFO - Initializing recommendation engine...
2025-06-21 15:01:44,436 - GachaFood - INFO - Application components initialized successfully
2025-06-21 15:01:44,453 - GachaFood - INFO - Starting GachaFood application...
2025-06-21 15:01:57,189 - GachaFood - INFO - Loading and preprocessing data...
2025-06-21 15:02:03,692 - GachaFood - INFO - Performing clustering...
2025-06-21 15:02:06,285 - GachaFood - INFO - Initializing recommendation engine...
2025-06-21 15:02:06,287 - GachaFood - INFO - Application components initialized successfully
2025-06-21 15:02:06,305 - GachaFood - INFO - Starting GachaFood application...
2025-06-21 15:02:26,379 - GachaFood - INFO - Loading and preprocessing data...
2025-06-21 15:02:32,778 - GachaFood - INFO - Performing clustering...
2025-06-21 15:02:35,390 - GachaFood - INFO - Initializing recommendation engine...
2025-06-21 15:02:35,393 - GachaFood - INFO - Application components initialized successfully
2025-06-21 15:02:35,425 - GachaFood - INFO - Starting GachaFood application...
2025-06-21 15:03:41,546 - GachaFood - INFO - Loading and preprocessing data...
2025-06-21 15:03:47,666 - GachaFood - INFO - Performing clustering...
2025-06-21 15:03:50,425 - GachaFood - INFO - Initializing recommendation engine...
2025-06-21 15:03:50,426 - GachaFood - INFO - Application components initialized successfully
2025-06-21 15:03:50,450 - GachaFood - INFO - Starting GachaFood application...
2025-06-21 15:05:33,920 - GachaFood - INFO - Loading and preprocessing data...
2025-06-21 15:05:39,595 - GachaFood - INFO - Performing clustering...
2025-06-21 15:05:42,257 - GachaFood - INFO - Initializing recommendation engine...
2025-06-21 15:05:42,259 - GachaFood - INFO - Application components initialized successfully
2025-06-21 15:05:42,285 - GachaFood - INFO - Starting GachaFood application...
2025-06-21 15:05:47,843 - GachaFood - INFO - Loading and preprocessing data...
2025-06-21 15:05:53,768 - GachaFood - INFO - Performing clustering...
2025-06-21 15:05:55,968 - GachaFood - INFO - Initializing recommendation engine...
2025-06-21 15:05:55,969 - GachaFood - INFO - Application components initialized successfully
2025-06-21 15:05:55,986 - GachaFood - INFO - Starting GachaFood application...
